<?xml version="1.0" encoding="UTF-8"?>
<testng-results ignored="0" total="3" passed="3" failed="0" skipped="0">
  <reporter-output>
  </reporter-output>
  <suite started-at="2024-03-01T13:37:01 IST" name="Entrata" finished-at="2024-03-01T13:37:21 IST" duration-ms="20173">
    <groups>
    </groups>
    <test started-at="2024-03-01T13:37:01 IST" name="Login page" finished-at="2024-03-01T13:37:21 IST" duration-ms="20173">
      <class name="testsrc.EntrataTestScript">
        <test-method is-config="true" signature="setUp()[pri:0, instance:testsrc.EntrataTestScript@53aad5d5]" started-at="2024-03-01T13:37:01 IST" name="setUp" finished-at="2024-03-01T13:37:03 IST" duration-ms="2590" status="PASS">
          <reporter-output>
          </reporter-output>
        </test-method> <!-- setUp -->
        <test-method signature="stratApplication()[pri:0, instance:testsrc.EntrataTestScript@53aad5d5]" started-at="2024-03-01T13:37:03 IST" name="stratApplication" finished-at="2024-03-01T13:37:15 IST" duration-ms="11881" status="PASS">
          <reporter-output>
          </reporter-output>
        </test-method> <!-- stratApplication -->
        <test-method signature="formInteraction()[pri:1, instance:testsrc.EntrataTestScript@53aad5d5]" started-at="2024-03-01T13:37:15 IST" name="formInteraction" finished-at="2024-03-01T13:37:19 IST" duration-ms="4118" status="PASS">
          <reporter-output>
          </reporter-output>
        </test-method> <!-- formInteraction -->
        <test-method signature="form()[pri:2, instance:testsrc.EntrataTestScript@53aad5d5]" started-at="2024-03-01T13:37:19 IST" name="form" finished-at="2024-03-01T13:37:21 IST" duration-ms="1359" status="PASS">
          <reporter-output>
          </reporter-output>
        </test-method> <!-- form -->
        <test-method is-config="true" signature="tearDown()[pri:0, instance:testsrc.EntrataTestScript@53aad5d5]" started-at="2024-03-01T13:37:21 IST" name="tearDown" finished-at="2024-03-01T13:37:21 IST" duration-ms="190" status="PASS">
          <reporter-output>
          </reporter-output>
        </test-method> <!-- tearDown -->
      </class> <!-- testsrc.EntrataTestScript -->
    </test> <!-- Login page -->
  </suite> <!-- Entrata -->
</testng-results>
