<?xml version="1.0" encoding="UTF-8"?>
<!-- Generated by org.testng.reporters.JUnitXMLReporter -->
<testsuite ignored="0" hostname="Lenovo" failures="0" tests="3" name="Login page" time="20.173" errors="0" timestamp="2024-03-01T13:37:21 IST">
  <testcase classname="testsrc.EntrataTestScript" name="stratApplication" time="11.881"/>
  <testcase classname="testsrc.EntrataTestScript" name="formInteraction" time="4.118"/>
  <testcase classname="testsrc.EntrataTestScript" name="form" time="1.359"/>
</testsuite> <!-- Login page -->
